
gpio.bin:     file format binary


Disassembly of section .data:

00000000 <.data>:
   0:	e59f0698 	ldr	r0, [pc, #1688]	; 0x6a0
   4:	e2800f4d 	add	r0, r0, #308	; 0x134
   8:	e5901000 	ldr	r1, [r0]
   c:	e3811080 	orr	r1, r1, #128	; 0x80
  10:	e5801000 	str	r1, [r0]
  14:	e10f0000 	mrs	r0, CPSR
  18:	e3c0001f 	bic	r0, r0, #31
  1c:	e3800013 	orr	r0, r0, #19
  20:	e38000c0 	orr	r0, r0, #192	; 0xc0
  24:	e129f000 	msr	CPSR_fc, r0
  28:	e59f0674 	ldr	r0, [pc, #1652]	; 0x6a4
  2c:	e28000ac 	add	r0, r0, #172	; 0xac
  30:	e3a02001 	mov	r2, #1
  34:	e1a01082 	lsl	r1, r2, #1
  38:	e1a03902 	lsl	r3, r2, #18
  3c:	e1811003 	orr	r1, r1, r3
  40:	e5801000 	str	r1, [r0]
  44:	e59f0654 	ldr	r0, [pc, #1620]	; 0x6a0
  48:	e2800f4d 	add	r0, r0, #308	; 0x134
  4c:	e5901000 	ldr	r1, [r0]
  50:	e3c11602 	bic	r1, r1, #2097152	; 0x200000
  54:	e3c11501 	bic	r1, r1, #4194304	; 0x400000
  58:	e3c11502 	bic	r1, r1, #8388608	; 0x800000
  5c:	e3c11401 	bic	r1, r1, #16777216	; 0x1000000
  60:	e5801000 	str	r1, [r0]
  64:	e10f0000 	mrs	r0, CPSR
  68:	e3c0001f 	bic	r0, r0, #31
  6c:	e3800013 	orr	r0, r0, #19
  70:	e38000c0 	orr	r0, r0, #192	; 0xc0
  74:	e129f000 	msr	CPSR_fc, r0
  78:	eb00008a 	bl	0x2a8
  7c:	eb0000e5 	bl	0x418
  80:	e28f00b5 	add	r0, pc, #181	; 0xb5
  84:	e2800c01 	add	r0, r0, #256	; 0x100
  88:	eb000037 	bl	0x16c
  8c:	e28f0f62 	add	r0, pc, #392	; 0x188
  90:	eb000035 	bl	0x16c
  94:	e28f0f4d 	add	r0, pc, #308	; 0x134
  98:	eb000033 	bl	0x16c
  9c:	e3a06000 	mov	r6, #0
  a0:	e3a03000 	mov	r3, #0
  a4:	eb000079 	bl	0x290
  a8:	e1a05000 	mov	r5, r0
  ac:	e3550020 	cmp	r5, #32
  b0:	0a00000f 	beq	0xf4
  b4:	e3550030 	cmp	r5, #48	; 0x30
  b8:	ba000128 	blt	0x560
  bc:	e355003a 	cmp	r5, #58	; 0x3a
  c0:	ca000126 	bgt	0x560
  c4:	e1a02000 	mov	r2, r0
  c8:	e1a00002 	mov	r0, r2
  cc:	eb00002f 	bl	0x190
  d0:	e2422030 	sub	r2, r2, #48	; 0x30
  d4:	e3a07000 	mov	r7, #0
  d8:	e3a0400a 	mov	r4, #10
  dc:	e0877006 	add	r7, r7, r6
  e0:	e2544001 	subs	r4, r4, #1
  e4:	1afffffc 	bne	0xdc
  e8:	e1a06007 	mov	r6, r7
  ec:	e0866002 	add	r6, r6, r2
  f0:	eaffffeb 	b	0xa4
  f4:	e3a00020 	mov	r0, #32
  f8:	eb000024 	bl	0x190
  fc:	e3530001 	cmp	r3, #1
 100:	0a000003 	beq	0x114
 104:	e1a09006 	mov	r9, r6
 108:	e3a06000 	mov	r6, #0
 10c:	e3a03001 	mov	r3, #1
 110:	eaffffe3 	b	0xa4
 114:	eb00005d 	bl	0x290
 118:	eb00001c 	bl	0x190
 11c:	e1a05000 	mov	r5, r0
 120:	ea00010f 	b	0x564
 124:	e355002b 	cmp	r5, #43	; 0x2b
 128:	0b0000ea 	bleq	0x4d8
 12c:	e355003d 	cmp	r5, #61	; 0x3d
 130:	0b000074 	bleq	0x308
 134:	e355002f 	cmp	r5, #47	; 0x2f
 138:	0b0000c4 	bleq	0x450
 13c:	e355002a 	cmp	r5, #42	; 0x2a
 140:	0b00007e 	bleq	0x340
 144:	e355003c 	cmp	r5, #60	; 0x3c
 148:	0b00008a 	bleq	0x378
 14c:	e355003e 	cmp	r5, #62	; 0x3e
 150:	0b00009b 	bleq	0x3c4
 154:	e59f0544 	ldr	r0, [pc, #1348]	; 0x6a0
 158:	e2800f65 	add	r0, r0, #404	; 0x194
 15c:	e1a06a86 	lsl	r6, r6, #21
 160:	e5806000 	str	r6, [r0]
 164:	ea000141 	b	0x670
 168:	eaffffc4 	b	0x80
 16c:	e92d4007 	push	{r0, r1, r2, lr}
 170:	e1a01000 	mov	r1, r0
 174:	e4d10001 	ldrb	r0, [r1], #1
 178:	e20000ff 	and	r0, r0, #255	; 0xff
 17c:	e3500000 	cmp	r0, #0
 180:	0a000001 	beq	0x18c
 184:	eb000001 	bl	0x190
 188:	eafffff9 	b	0x174
 18c:	e8bd8007 	pop	{r0, r1, r2, pc}
 190:	e92d4006 	push	{r1, r2, lr}
 194:	e59f150c 	ldr	r1, [pc, #1292]	; 0x6a8
 198:	e5912014 	ldr	r2, [r1, #20]
 19c:	e2022020 	and	r2, r2, #32
 1a0:	e3520000 	cmp	r2, #0
 1a4:	0afffffb 	beq	0x198
 1a8:	e5c10000 	strb	r0, [r1]
 1ac:	e8bd8006 	pop	{r1, r2, pc}
 1b0:	e92d4006 	push	{r1, r2, lr}
 1b4:	e59f14ec 	ldr	r1, [pc, #1260]	; 0x6a8
 1b8:	e5912014 	ldr	r2, [r1, #20]
 1bc:	e2022001 	and	r2, r2, #1
 1c0:	e3520000 	cmp	r2, #0
 1c4:	0afffffb 	beq	0x1b8
 1c8:	e5d10000 	ldrb	r0, [r1]
 1cc:	e8bd8006 	pop	{r1, r2, pc}
 1d0:	6f53202b 	svcvs	0x0053202b
 1d4:	0d0a616d 	stfeqs	f6, [sl, #-436]	; 0xfffffe4c
 1d8:	6f53203d 	svcvs	0x0053203d
 1dc:	4d20616d 	stfmis	f6, [r0, #-436]!	; 0xfffffe4c
 1e0:	6c75646f 	cfldrdvs	mvd6, [r5], #-444	; 0xfffffe44
 1e4:	0d0a7261 	sfmeq	f7, 4, [sl, #-388]	; 0xfffffe7c
 1e8:	6944202f 	stmdbvs	r4, {r0, r1, r2, r3, r5, sp}^
 1ec:	61736976 	cmnvs	r3, r6, ror r9
 1f0:	2a0d0a6f 	bcs	0x342bb4
 1f4:	6c754d20 	ldclvs	13, cr4, [r5], #-128	; 0xffffff80
 1f8:	6c706974 			; <UNDEFINED> instruction: 0x6c706974
 1fc:	63616369 	cmnvs	r1, #-1543503871	; 0xa4000001
 200:	0d0a6f61 	stceq	15, cr6, [sl, #-388]	; 0xfffffe7c
 204:	6f52203c 	svcvs	0x0052203c
 208:	61636174 	smcvs	13844	; 0x3614
 20c:	3e0d0a6f 	vmlscc.f32	s0, s26, s31
 210:	746f5220 	strbtvc	r5, [pc], #-544	; 0x218
 214:	6f616361 	svcvs	0x00616361
 218:	00200d0a 	eoreq	r0, r0, sl, lsl #26
 21c:	000d0a20 	andeq	r0, sp, r0, lsr #20
 220:	52525245 	subspl	r5, r2, #1342177284	; 0x50000004
 224:	4f53204f 	svcmi	0x0053204f
 228:	0d0a414d 	stfeqs	f4, [sl, #-308]	; 0xfffffecc
 22c:	52524500 	subspl	r4, r2, #0, 10
 230:	44204f52 	strtmi	r4, [r0], #-3922	; 0xfffff0ae
 234:	53495649 	movtpl	r5, #38473	; 0x9649
 238:	0d0a4f41 	stceq	15, cr4, [sl, #-260]	; 0xfffffefc
 23c:	5f0d0a00 	svcpl	0x000d0a00
 240:	5f5f5f5f 	svcpl	0x005f5f5f
 244:	5f5f5f5f 	svcpl	0x005f5f5f
 248:	5f5f5f5f 	svcpl	0x005f5f5f
 24c:	5f5f5f5f 	svcpl	0x005f5f5f
 250:	0d0a5f5f 	stceq	15, cr5, [sl, #-380]	; 0xfffffe84
 254:	41432020 	cmpmi	r3, r0, lsr #32
 258:	4c55434c 	mrrcmi	3, 4, r4, r5, cr12
 25c:	524f4441 	subpl	r4, pc, #1090519040	; 0x41000000
 260:	52412041 	subpl	r2, r1, #65	; 0x41
 264:	0a20204d 	beq	0x8083a0
 268:	5f5f5f0d 	svcpl	0x005f5f0d
 26c:	5f5f5f5f 	svcpl	0x005f5f5f
 270:	5f5f5f5f 	svcpl	0x005f5f5f
 274:	5f5f5f5f 	svcpl	0x005f5f5f
 278:	5f5f5f5f 	svcpl	0x005f5f5f
 27c:	000d0a20 	andeq	r0, sp, r0, lsr #20
 280:	52524f45 	subspl	r4, r2, #276	; 0x114
 284:	4146204f 	cmpmi	r6, pc, asr #32
 288:	0a4c4154 	beq	0x13107e0
 28c:	0000000d 	andeq	r0, r0, sp
 290:	e59f1410 	ldr	r1, [pc, #1040]	; 0x6a8
 294:	e5912014 	ldr	r2, [r1, #20]
 298:	e3120001 	tst	r2, #1
 29c:	0afffffc 	beq	0x294
 2a0:	e5910000 	ldr	r0, [r1]
 2a4:	e12fff1e 	bx	lr
 2a8:	e59f03f8 	ldr	r0, [pc, #1016]	; 0x6a8
 2ac:	e3a01002 	mov	r1, #2
 2b0:	e5801054 	str	r1, [r0, #84]	; 0x54
 2b4:	e5901058 	ldr	r1, [r0, #88]	; 0x58
 2b8:	e3510001 	cmp	r1, #1
 2bc:	1afffffc 	bne	0x2b4
 2c0:	e3a01083 	mov	r1, #131	; 0x83
 2c4:	e580100c 	str	r1, [r0, #12]
 2c8:	e3a0101a 	mov	r1, #26
 2cc:	e5801000 	str	r1, [r0]
 2d0:	e3a01000 	mov	r1, #0
 2d4:	e5801020 	str	r1, [r0, #32]
 2d8:	e590100c 	ldr	r1, [r0, #12]
 2dc:	e3c11080 	bic	r1, r1, #128	; 0x80
 2e0:	e580100c 	str	r1, [r0, #12]
 2e4:	e12fff1e 	bx	lr
 2e8:	e59f13b8 	ldr	r1, [pc, #952]	; 0x6a8
 2ec:	e5912014 	ldr	r2, [r1, #20]
 2f0:	e3120020 	tst	r2, #32
 2f4:	0afffffc 	beq	0x2ec
 2f8:	e5810000 	str	r0, [r1]
 2fc:	e12fff1e 	bx	lr
 300:	e0866009 	add	r6, r6, r9
 304:	e12fff1e 	bx	lr
 308:	e0866009 	add	r6, r6, r9
 30c:	e3560010 	cmp	r6, #16
 310:	ba000001 	blt	0x31c
 314:	e2466010 	sub	r6, r6, #16
 318:	aafffffb 	bge	0x30c
 31c:	e12fff1e 	bx	lr
 320:	e3a03000 	mov	r3, #0
 324:	e0599006 	subs	r9, r9, r6
 328:	a2833001 	addge	r3, r3, #1
 32c:	aafffffc 	bge	0x324
 330:	e353000f 	cmp	r3, #15
 334:	ca00009a 	bgt	0x5a4
 338:	e1a06003 	mov	r6, r3
 33c:	eaffff84 	b	0x154
 340:	e3a02000 	mov	r2, #0
 344:	e3a07000 	mov	r7, #0
 348:	e1a04009 	mov	r4, r9
 34c:	e0877006 	add	r7, r7, r6
 350:	e2544001 	subs	r4, r4, #1
 354:	1afffffc 	bne	0x34c
 358:	e1a06007 	mov	r6, r7
 35c:	e0866002 	add	r6, r6, r2
 360:	e2566010 	subs	r6, r6, #16
 364:	a2833001 	addge	r3, r3, #1
 368:	aafffffc 	bge	0x360
 36c:	e2864010 	add	r4, r6, #16
 370:	e1a06004 	mov	r6, r4
 374:	e12fff1e 	bx	lr
 378:	e359000f 	cmp	r9, #15
 37c:	ca000088 	bgt	0x5a4
 380:	e3560000 	cmp	r6, #0
 384:	0a0000b5 	beq	0x660
 388:	e1a01009 	mov	r1, r9
 38c:	e1a02006 	mov	r2, r6
 390:	e3560000 	cmp	r6, #0
 394:	0a000008 	beq	0x3bc
 398:	e3a03000 	mov	r3, #0
 39c:	e1a01081 	lsl	r1, r1, #1
 3a0:	e1a03001 	mov	r3, r1
 3a4:	e1a03223 	lsr	r3, r3, #4
 3a8:	e1811003 	orr	r1, r1, r3
 3ac:	e201100f 	and	r1, r1, #15
 3b0:	e2422001 	sub	r2, r2, #1
 3b4:	e3520000 	cmp	r2, #0
 3b8:	1afffff6 	bne	0x398
 3bc:	e1a06001 	mov	r6, r1
 3c0:	e12fff1e 	bx	lr
 3c4:	e359000f 	cmp	r9, #15
 3c8:	ca000075 	bgt	0x5a4
 3cc:	e3560000 	cmp	r6, #0
 3d0:	0a0000a4 	beq	0x668
 3d4:	e1a01009 	mov	r1, r9
 3d8:	e1a03006 	mov	r3, r6
 3dc:	e1a010e1 	ror	r1, r1, #1
 3e0:	e1a02001 	mov	r2, r1
 3e4:	e1a02e22 	lsr	r2, r2, #28
 3e8:	e1811002 	orr	r1, r1, r2
 3ec:	e2433001 	sub	r3, r3, #1
 3f0:	e201100f 	and	r1, r1, #15
 3f4:	e3530000 	cmp	r3, #0
 3f8:	cafffff7 	bgt	0x3dc
 3fc:	e1a06001 	mov	r6, r1
 400:	e12fff1e 	bx	lr
 404:	e3e0420f 	mvn	r4, #-268435456	; 0xf0000000
 408:	e2444005 	sub	r4, r4, #5
 40c:	e3540000 	cmp	r4, #0
 410:	1afffffc 	bne	0x408
 414:	e12fff1e 	bx	lr
 418:	e92d4003 	push	{r0, r1, lr}
 41c:	e59f0288 	ldr	r0, [pc, #648]	; 0x6ac
 420:	e59f1288 	ldr	r1, [pc, #648]	; 0x6b0
 424:	e5801048 	str	r1, [r0, #72]	; 0x48
 428:	eb000003 	bl	0x43c
 42c:	e59f1280 	ldr	r1, [pc, #640]	; 0x6b4
 430:	e5801048 	str	r1, [r0, #72]	; 0x48
 434:	eb000000 	bl	0x43c
 438:	e8bd8003 	pop	{r0, r1, pc}
 43c:	e5901034 	ldr	r1, [r0, #52]	; 0x34
 440:	e2011010 	and	r1, r1, #16
 444:	e3510000 	cmp	r1, #0
 448:	1afffffb 	bne	0x43c
 44c:	e12fff1e 	bx	lr
 450:	e3560000 	cmp	r6, #0
 454:	0a000000 	beq	0x45c
 458:	eaffffb0 	b	0x320
 45c:	e24f0f92 	sub	r0, pc, #584	; 0x248
 460:	ebffff41 	bl	0x16c
 464:	e24f003f 	sub	r0, pc, #63	; 0x3f
 468:	e2400c02 	sub	r0, r0, #512	; 0x200
 46c:	ebffff3e 	bl	0x16c
 470:	e3a0a003 	mov	sl, #3
 474:	e59f0224 	ldr	r0, [pc, #548]	; 0x6a0
 478:	e2800f65 	add	r0, r0, #404	; 0x194
 47c:	e3a01602 	mov	r1, #2097152	; 0x200000
 480:	e5801000 	str	r1, [r0]
 484:	e59f0214 	ldr	r0, [pc, #532]	; 0x6a0
 488:	e2800f65 	add	r0, r0, #404	; 0x194
 48c:	e3a01501 	mov	r1, #4194304	; 0x400000
 490:	e5801000 	str	r1, [r0]
 494:	ebffffda 	bl	0x404
 498:	e59f0200 	ldr	r0, [pc, #512]	; 0x6a0
 49c:	e2800e19 	add	r0, r0, #400	; 0x190
 4a0:	e3a01602 	mov	r1, #2097152	; 0x200000
 4a4:	e5801000 	str	r1, [r0]
 4a8:	e59f01f0 	ldr	r0, [pc, #496]	; 0x6a0
 4ac:	e2800e19 	add	r0, r0, #400	; 0x190
 4b0:	e3a01501 	mov	r1, #4194304	; 0x400000
 4b4:	e5801000 	str	r1, [r0]
 4b8:	ebffffd1 	bl	0x404
 4bc:	e24aa001 	sub	sl, sl, #1
 4c0:	e35a0000 	cmp	sl, #0
 4c4:	1affffea 	bne	0x474
 4c8:	e3a06000 	mov	r6, #0
 4cc:	e3a09000 	mov	r9, #0
 4d0:	e3a03000 	mov	r3, #0
 4d4:	eafffee9 	b	0x80
 4d8:	ebffff88 	bl	0x300
 4dc:	e356000f 	cmp	r6, #15
 4e0:	ca000000 	bgt	0x4e8
 4e4:	eaffff1a 	b	0x154
 4e8:	e24f0fb5 	sub	r0, pc, #724	; 0x2d4
 4ec:	ebffff1e 	bl	0x16c
 4f0:	e24f0fb6 	sub	r0, pc, #728	; 0x2d8
 4f4:	ebffff1c 	bl	0x16c
 4f8:	e3a0a003 	mov	sl, #3
 4fc:	e59f019c 	ldr	r0, [pc, #412]	; 0x6a0
 500:	e2800f65 	add	r0, r0, #404	; 0x194
 504:	e3a01602 	mov	r1, #2097152	; 0x200000
 508:	e5801000 	str	r1, [r0]
 50c:	e59f018c 	ldr	r0, [pc, #396]	; 0x6a0
 510:	e2800f65 	add	r0, r0, #404	; 0x194
 514:	e3a01401 	mov	r1, #16777216	; 0x1000000
 518:	e5801000 	str	r1, [r0]
 51c:	ebffffb8 	bl	0x404
 520:	e59f0178 	ldr	r0, [pc, #376]	; 0x6a0
 524:	e2800e19 	add	r0, r0, #400	; 0x190
 528:	e3a01602 	mov	r1, #2097152	; 0x200000
 52c:	e5801000 	str	r1, [r0]
 530:	e59f0168 	ldr	r0, [pc, #360]	; 0x6a0
 534:	e2800e19 	add	r0, r0, #400	; 0x190
 538:	e3a01401 	mov	r1, #16777216	; 0x1000000
 53c:	e5801000 	str	r1, [r0]
 540:	ebffffaf 	bl	0x404
 544:	e24aa001 	sub	sl, sl, #1
 548:	e35a0000 	cmp	sl, #0
 54c:	1affffea 	bne	0x4fc
 550:	e3a06000 	mov	r6, #0
 554:	e3a09000 	mov	r9, #0
 558:	e3a03000 	mov	r3, #0
 55c:	eafffec7 	b	0x80
 560:	ea00000f 	b	0x5a4
 564:	e355002b 	cmp	r5, #43	; 0x2b
 568:	0a00000c 	beq	0x5a0
 56c:	e355003d 	cmp	r5, #61	; 0x3d
 570:	0a00000a 	beq	0x5a0
 574:	e355002f 	cmp	r5, #47	; 0x2f
 578:	0a000008 	beq	0x5a0
 57c:	e355002a 	cmp	r5, #42	; 0x2a
 580:	0a000006 	beq	0x5a0
 584:	e355003c 	cmp	r5, #60	; 0x3c
 588:	0a000004 	beq	0x5a0
 58c:	e355003e 	cmp	r5, #62	; 0x3e
 590:	0a000002 	beq	0x5a0
 594:	e24f0d0e 	sub	r0, pc, #896	; 0x380
 598:	ebfffef3 	bl	0x16c
 59c:	ea000000 	b	0x5a4
 5a0:	eafffedf 	b	0x124
 5a4:	e24f0e39 	sub	r0, pc, #912	; 0x390
 5a8:	ebfffeef 	bl	0x16c
 5ac:	e24f0fcd 	sub	r0, pc, #820	; 0x334
 5b0:	e1a00000 	nop			; (mov r0, r0)
 5b4:	ebfffeec 	bl	0x16c
 5b8:	e3a0a005 	mov	sl, #5
 5bc:	e59f00dc 	ldr	r0, [pc, #220]	; 0x6a0
 5c0:	e2800f65 	add	r0, r0, #404	; 0x194
 5c4:	e3a01602 	mov	r1, #2097152	; 0x200000
 5c8:	e5801000 	str	r1, [r0]
 5cc:	e59f00cc 	ldr	r0, [pc, #204]	; 0x6a0
 5d0:	e2800f65 	add	r0, r0, #404	; 0x194
 5d4:	e3a01501 	mov	r1, #4194304	; 0x400000
 5d8:	e5801000 	str	r1, [r0]
 5dc:	e59f00bc 	ldr	r0, [pc, #188]	; 0x6a0
 5e0:	e2800f65 	add	r0, r0, #404	; 0x194
 5e4:	e3a01502 	mov	r1, #8388608	; 0x800000
 5e8:	e5801000 	str	r1, [r0]
 5ec:	e59f00ac 	ldr	r0, [pc, #172]	; 0x6a0
 5f0:	e2800f65 	add	r0, r0, #404	; 0x194
 5f4:	e3a01401 	mov	r1, #16777216	; 0x1000000
 5f8:	e5801000 	str	r1, [r0]
 5fc:	ebffff80 	bl	0x404
 600:	e59f0098 	ldr	r0, [pc, #152]	; 0x6a0
 604:	e2800e19 	add	r0, r0, #400	; 0x190
 608:	e3a01602 	mov	r1, #2097152	; 0x200000
 60c:	e5801000 	str	r1, [r0]
 610:	e59f0088 	ldr	r0, [pc, #136]	; 0x6a0
 614:	e2800e19 	add	r0, r0, #400	; 0x190
 618:	e3a01501 	mov	r1, #4194304	; 0x400000
 61c:	e5801000 	str	r1, [r0]
 620:	e59f0078 	ldr	r0, [pc, #120]	; 0x6a0
 624:	e2800e19 	add	r0, r0, #400	; 0x190
 628:	e3a01502 	mov	r1, #8388608	; 0x800000
 62c:	e5801000 	str	r1, [r0]
 630:	e59f0068 	ldr	r0, [pc, #104]	; 0x6a0
 634:	e2800e19 	add	r0, r0, #400	; 0x190
 638:	e3a01401 	mov	r1, #16777216	; 0x1000000
 63c:	e5801000 	str	r1, [r0]
 640:	ebffff6f 	bl	0x404
 644:	e24aa001 	sub	sl, sl, #1
 648:	e35a0000 	cmp	sl, #0
 64c:	1affffda 	bne	0x5bc
 650:	e3a06000 	mov	r6, #0
 654:	e3a09000 	mov	r9, #0
 658:	e3a03000 	mov	r3, #0
 65c:	eafffe87 	b	0x80
 660:	e1a06009 	mov	r6, r9
 664:	eafffeba 	b	0x154
 668:	e1a06009 	mov	r6, r9
 66c:	eafffeb8 	b	0x154
 670:	e59f0028 	ldr	r0, [pc, #40]	; 0x6a0
 674:	e2800f4e 	add	r0, r0, #312	; 0x138
 678:	e5901000 	ldr	r1, [r0]
 67c:	e2011080 	and	r1, r1, #128	; 0x80
 680:	e1a013a1 	lsr	r1, r1, #7
 684:	e3510001 	cmp	r1, #1
 688:	1afffff8 	bne	0x670
 68c:	e59f000c 	ldr	r0, [pc, #12]	; 0x6a0
 690:	e2800e19 	add	r0, r0, #400	; 0x190
 694:	e3a0161e 	mov	r1, #31457280	; 0x1e00000
 698:	e5801000 	str	r1, [r0]
 69c:	eafffe77 	b	0x80
 6a0:	4804c000 	stmdami	r4, {lr, pc}
 6a4:	44e00000 	strbtmi	r0, [r0], #0
 6a8:	44e09000 	strbtmi	r9, [r0], #0
 6ac:	44e35000 	strbtmi	r5, [r3], #0
 6b0:	0000aaaa 	andeq	sl, r0, sl, lsr #21
 6b4:	00005555 	andeq	r5, r0, r5, asr r5
